[0.939s] Invoking command in '/home/natan/ros2_ws/src/controle_audio': DEBUGINFOD_URLS=https://debuginfod.ubuntu.com PYTHONPATH=/home/natan/ros2_ws/build/controle_audio/prefix_override:/usr/lib/python3/dist-packages/colcon_core/task/python/colcon_distutils_commands:/home/natan/ros2_ws/install/controle_audio/lib/python3.12/site-packages:${PYTHONPATH} /usr/bin/python3 -W ignore:setup.py install is deprecated -W ignore:easy_install command is deprecated setup.py egg_info --egg-base ../../build/controle_audio build --build-base /home/natan/ros2_ws/build/controle_audio/build install --record /home/natan/ros2_ws/build/controle_audio/install.log --single-version-externally-managed install_data
[1.244s] running egg_info
[1.264s] writing ../../build/controle_audio/controle_audio.egg-info/PKG-INFO
[1.264s] writing dependency_links to ../../build/controle_audio/controle_audio.egg-info/dependency_links.txt
[1.264s] writing entry points to ../../build/controle_audio/controle_audio.egg-info/entry_points.txt
[1.264s] writing requirements to ../../build/controle_audio/controle_audio.egg-info/requires.txt
[1.264s] writing top-level names to ../../build/controle_audio/controle_audio.egg-info/top_level.txt
[1.305s] reading manifest file '../../build/controle_audio/controle_audio.egg-info/SOURCES.txt'
[1.306s] writing manifest file '../../build/controle_audio/controle_audio.egg-info/SOURCES.txt'
[1.307s] running build
[1.307s] running build_py
[1.307s] running install
[1.315s] running install_lib
[1.336s] running install_data
[1.336s] running install_egg_info
[1.358s] removing '/home/natan/ros2_ws/install/controle_audio/lib/python3.12/site-packages/controle_audio-0.0.0-py3.12.egg-info' (and everything under it)
[1.358s] Copying ../../build/controle_audio/controle_audio.egg-info to /home/natan/ros2_ws/install/controle_audio/lib/python3.12/site-packages/controle_audio-0.0.0-py3.12.egg-info
[1.359s] running install_scripts
[1.498s] Installing listening_control script to /home/natan/ros2_ws/install/controle_audio/lib/controle_audio
[1.498s] writing list of installed files to '/home/natan/ros2_ws/build/controle_audio/install.log'
[1.540s] Invoked command in '/home/natan/ros2_ws/src/controle_audio' returned '0': DEBUGINFOD_URLS=https://debuginfod.ubuntu.com PYTHONPATH=/home/natan/ros2_ws/build/controle_audio/prefix_override:/usr/lib/python3/dist-packages/colcon_core/task/python/colcon_distutils_commands:/home/natan/ros2_ws/install/controle_audio/lib/python3.12/site-packages:${PYTHONPATH} /usr/bin/python3 -W ignore:setup.py install is deprecated -W ignore:easy_install command is deprecated setup.py egg_info --egg-base ../../build/controle_audio build --build-base /home/natan/ros2_ws/build/controle_audio/build install --record /home/natan/ros2_ws/build/controle_audio/install.log --single-version-externally-managed install_data
