running egg_info
creating ../../build/controle_audio/controle_audio.egg-info
writing ../../build/controle_audio/controle_audio.egg-info/PKG-INFO
writing dependency_links to ../../build/controle_audio/controle_audio.egg-info/dependency_links.txt
writing entry points to ../../build/controle_audio/controle_audio.egg-info/entry_points.txt
writing requirements to ../../build/controle_audio/controle_audio.egg-info/requires.txt
writing top-level names to ../../build/controle_audio/controle_audio.egg-info/top_level.txt
writing manifest file '../../build/controle_audio/controle_audio.egg-info/SOURCES.txt'
reading manifest file '../../build/controle_audio/controle_audio.egg-info/SOURCES.txt'
writing manifest file '../../build/controle_audio/controle_audio.egg-info/SOURCES.txt'
running build
running build_py
creating /home/natan/ros2_ws/build/controle_audio/build
creating /home/natan/ros2_ws/build/controle_audio/build/lib
creating /home/natan/ros2_ws/build/controle_audio/build/lib/controle_audio
copying controle_audio/listening_control.py -> /home/natan/ros2_ws/build/controle_audio/build/lib/controle_audio
copying controle_audio/__init__.py -> /home/natan/ros2_ws/build/controle_audio/build/lib/controle_audio
running install
running install_lib
creating /home/natan/ros2_ws/install/controle_audio/lib/python3.12/site-packages/controle_audio
copying /home/natan/ros2_ws/build/controle_audio/build/lib/controle_audio/listening_control.py -> /home/natan/ros2_ws/install/controle_audio/lib/python3.12/site-packages/controle_audio
copying /home/natan/ros2_ws/build/controle_audio/build/lib/controle_audio/__init__.py -> /home/natan/ros2_ws/install/controle_audio/lib/python3.12/site-packages/controle_audio
byte-compiling /home/natan/ros2_ws/install/controle_audio/lib/python3.12/site-packages/controle_audio/listening_control.py to listening_control.cpython-312.pyc
byte-compiling /home/natan/ros2_ws/install/controle_audio/lib/python3.12/site-packages/controle_audio/__init__.py to __init__.cpython-312.pyc
running install_data
creating /home/natan/ros2_ws/install/controle_audio/share/ament_index
creating /home/natan/ros2_ws/install/controle_audio/share/ament_index/resource_index
creating /home/natan/ros2_ws/install/controle_audio/share/ament_index/resource_index/packages
copying resource/controle_audio -> /home/natan/ros2_ws/install/controle_audio/share/ament_index/resource_index/packages
copying package.xml -> /home/natan/ros2_ws/install/controle_audio/share/controle_audio
running install_egg_info
Copying ../../build/controle_audio/controle_audio.egg-info to /home/natan/ros2_ws/install/controle_audio/lib/python3.12/site-packages/controle_audio-0.0.0-py3.12.egg-info
running install_scripts
Installing listening_control script to /home/natan/ros2_ws/install/controle_audio/lib/controle_audio
writing list of installed files to '/home/natan/ros2_ws/build/controle_audio/install.log'
