[0.529s] Invoking command in '/home/natan/ros2_ws/src/controle_audio': DEBUGINFOD_URLS=https://debuginfod.ubuntu.com PS1=\[\e]0;\u@\h: \w\a\]${debian_chroot:+($debian_chroot)}\[\033[01;32m\]\u@\h\[\033[00m\]:\[\033[01;34m\]\w\[\033[00m\]\$ PYTHONPATH=/home/natan/ros2_ws/build/controle_audio/prefix_override:/usr/lib/python3/dist-packages/colcon_core/task/python/colcon_distutils_commands:/home/natan/ros2_ws/install/controle_audio/lib/python3.12/site-packages:${PYTHONPATH} /usr/bin/python3 -W ignore:setup.py install is deprecated -W ignore:easy_install command is deprecated setup.py egg_info --egg-base ../../build/controle_audio build --build-base /home/natan/ros2_ws/build/controle_audio/build install --record /home/natan/ros2_ws/build/controle_audio/install.log --single-version-externally-managed install_data
[0.697s] running egg_info
[0.697s] creating ../../build/controle_audio/controle_audio.egg-info
[0.709s] writing ../../build/controle_audio/controle_audio.egg-info/PKG-INFO
[0.709s] writing dependency_links to ../../build/controle_audio/controle_audio.egg-info/dependency_links.txt
[0.709s] writing entry points to ../../build/controle_audio/controle_audio.egg-info/entry_points.txt
[0.709s] writing requirements to ../../build/controle_audio/controle_audio.egg-info/requires.txt
[0.709s] writing top-level names to ../../build/controle_audio/controle_audio.egg-info/top_level.txt
[0.709s] writing manifest file '../../build/controle_audio/controle_audio.egg-info/SOURCES.txt'
[0.732s] reading manifest file '../../build/controle_audio/controle_audio.egg-info/SOURCES.txt'
[0.732s] writing manifest file '../../build/controle_audio/controle_audio.egg-info/SOURCES.txt'
[0.732s] running build
[0.732s] running build_py
[0.732s] creating /home/natan/ros2_ws/build/controle_audio/build
[0.732s] creating /home/natan/ros2_ws/build/controle_audio/build/lib
[0.732s] creating /home/natan/ros2_ws/build/controle_audio/build/lib/controle_audio
[0.732s] copying controle_audio/listening_control.py -> /home/natan/ros2_ws/build/controle_audio/build/lib/controle_audio
[0.732s] copying controle_audio/__init__.py -> /home/natan/ros2_ws/build/controle_audio/build/lib/controle_audio
[0.733s] running install
[0.737s] running install_lib
[0.748s] creating /home/natan/ros2_ws/install/controle_audio/lib/python3.12/site-packages/controle_audio
[0.748s] copying /home/natan/ros2_ws/build/controle_audio/build/lib/controle_audio/listening_control.py -> /home/natan/ros2_ws/install/controle_audio/lib/python3.12/site-packages/controle_audio
[0.748s] copying /home/natan/ros2_ws/build/controle_audio/build/lib/controle_audio/__init__.py -> /home/natan/ros2_ws/install/controle_audio/lib/python3.12/site-packages/controle_audio
[0.748s] byte-compiling /home/natan/ros2_ws/install/controle_audio/lib/python3.12/site-packages/controle_audio/listening_control.py to listening_control.cpython-312.pyc
[0.749s] byte-compiling /home/natan/ros2_ws/install/controle_audio/lib/python3.12/site-packages/controle_audio/__init__.py to __init__.cpython-312.pyc
[0.749s] running install_data
[0.749s] creating /home/natan/ros2_ws/install/controle_audio/share/ament_index
[0.749s] creating /home/natan/ros2_ws/install/controle_audio/share/ament_index/resource_index
[0.749s] creating /home/natan/ros2_ws/install/controle_audio/share/ament_index/resource_index/packages
[0.749s] copying resource/controle_audio -> /home/natan/ros2_ws/install/controle_audio/share/ament_index/resource_index/packages
[0.749s] copying package.xml -> /home/natan/ros2_ws/install/controle_audio/share/controle_audio
[0.750s] running install_egg_info
[0.761s] Copying ../../build/controle_audio/controle_audio.egg-info to /home/natan/ros2_ws/install/controle_audio/lib/python3.12/site-packages/controle_audio-0.0.0-py3.12.egg-info
[0.762s] running install_scripts
[0.841s] Installing listening_control script to /home/natan/ros2_ws/install/controle_audio/lib/controle_audio
[0.841s] writing list of installed files to '/home/natan/ros2_ws/build/controle_audio/install.log'
[0.860s] Invoked command in '/home/natan/ros2_ws/src/controle_audio' returned '0': DEBUGINFOD_URLS=https://debuginfod.ubuntu.com PS1=\[\e]0;\u@\h: \w\a\]${debian_chroot:+($debian_chroot)}\[\033[01;32m\]\u@\h\[\033[00m\]:\[\033[01;34m\]\w\[\033[00m\]\$ PYTHONPATH=/home/natan/ros2_ws/build/controle_audio/prefix_override:/usr/lib/python3/dist-packages/colcon_core/task/python/colcon_distutils_commands:/home/natan/ros2_ws/install/controle_audio/lib/python3.12/site-packages:${PYTHONPATH} /usr/bin/python3 -W ignore:setup.py install is deprecated -W ignore:easy_install command is deprecated setup.py egg_info --egg-base ../../build/controle_audio build --build-base /home/natan/ros2_ws/build/controle_audio/build install --record /home/natan/ros2_ws/build/controle_audio/install.log --single-version-externally-managed install_data
