[0.092s] DEBUG:colcon:Command line arguments: ['/usr/bin/colcon', 'build', '--packages-select', 'listening_control']
[0.092s] DEBUG:colcon:Parsed command line arguments: Namespace(log_base=None, log_level=None, verb_name='build', build_base='build', install_base='install', merge_install=False, symlink_install=False, test_result_base=None, continue_on_error=False, executor='parallel', parallel_workers=12, event_handlers=None, ignore_user_meta=False, metas=['./colcon.meta'], base_paths=['.'], packages_ignore=None, packages_ignore_regex=None, paths=None, packages_up_to=None, packages_up_to_regex=None, packages_above=None, packages_above_and_dependencies=None, packages_above_depth=None, packages_select_by_dep=None, packages_skip_by_dep=None, packages_skip_up_to=None, packages_select_build_failed=False, packages_skip_build_finished=False, packages_select_test_failures=False, packages_skip_test_passed=False, packages_select=['listening_control'], packages_skip=None, packages_select_regex=None, packages_skip_regex=None, packages_start=None, packages_end=None, allow_overriding=[], cmake_args=None, cmake_target=None, cmake_target_skip_unavailable=False, cmake_clean_cache=False, cmake_clean_first=False, cmake_force_configure=False, ament_cmake_args=None, catkin_cmake_args=None, catkin_skip_building_tests=False, mixin_files=None, mixin=None, verb_parser=<colcon_mixin.mixin.mixin_argument.MixinArgumentDecorator object at 0x71509f08baa0>, verb_extension=<colcon_core.verb.build.BuildVerb object at 0x71509f194c50>, main=<bound method BuildVerb.main of <colcon_core.verb.build.BuildVerb object at 0x71509f194c50>>, mixin_verb=('build',))
[0.118s] Level 1:colcon.colcon_core.package_discovery:discover_packages(colcon_meta) check parameters
[0.118s] Level 1:colcon.colcon_core.package_discovery:discover_packages(recursive) check parameters
[0.118s] Level 1:colcon.colcon_core.package_discovery:discover_packages(ignore) check parameters
[0.118s] Level 1:colcon.colcon_core.package_discovery:discover_packages(path) check parameters
[0.118s] Level 1:colcon.colcon_core.package_discovery:discover_packages(colcon_meta) discover
[0.118s] Level 1:colcon.colcon_core.package_discovery:discover_packages(recursive) discover
[0.118s] INFO:colcon.colcon_core.package_discovery:Crawling recursively for packages in '/home/natan/Documents/NGHVK/ros2_ws'
[0.118s] Level 1:colcon.colcon_core.package_identification:_identify(.) by extensions ['ignore', 'ignore_ament_install']
[0.118s] Level 1:colcon.colcon_core.package_identification:_identify(.) by extension 'ignore'
[0.118s] Level 1:colcon.colcon_core.package_identification:_identify(.) by extension 'ignore_ament_install'
[0.118s] Level 1:colcon.colcon_core.package_identification:_identify(.) by extensions ['colcon_pkg']
[0.118s] Level 1:colcon.colcon_core.package_identification:_identify(.) by extension 'colcon_pkg'
[0.118s] Level 1:colcon.colcon_core.package_identification:_identify(.) by extensions ['colcon_meta']
[0.118s] Level 1:colcon.colcon_core.package_identification:_identify(.) by extension 'colcon_meta'
[0.118s] Level 1:colcon.colcon_core.package_identification:_identify(.) by extensions ['ros']
[0.118s] Level 1:colcon.colcon_core.package_identification:_identify(.) by extension 'ros'
[0.137s] Level 1:colcon.colcon_core.package_identification:_identify(.) by extensions ['cmake', 'python']
[0.137s] Level 1:colcon.colcon_core.package_identification:_identify(.) by extension 'cmake'
[0.137s] Level 1:colcon.colcon_core.package_identification:_identify(.) by extension 'python'
[0.137s] Level 1:colcon.colcon_core.package_identification:_identify(.) by extensions ['python_setup_py']
[0.137s] Level 1:colcon.colcon_core.package_identification:_identify(.) by extension 'python_setup_py'
[0.137s] Level 1:colcon.colcon_core.package_identification:_identify(build) by extensions ['ignore', 'ignore_ament_install']
[0.137s] Level 1:colcon.colcon_core.package_identification:_identify(build) by extension 'ignore'
[0.137s] Level 1:colcon.colcon_core.package_identification:_identify(build) ignored
[0.137s] Level 1:colcon.colcon_core.package_identification:_identify(install) by extensions ['ignore', 'ignore_ament_install']
[0.137s] Level 1:colcon.colcon_core.package_identification:_identify(install) by extension 'ignore'
[0.137s] Level 1:colcon.colcon_core.package_identification:_identify(install) ignored
[0.137s] Level 1:colcon.colcon_core.package_identification:_identify(log) by extensions ['ignore', 'ignore_ament_install']
[0.137s] Level 1:colcon.colcon_core.package_identification:_identify(log) by extension 'ignore'
[0.137s] Level 1:colcon.colcon_core.package_identification:_identify(log) ignored
[0.137s] Level 1:colcon.colcon_core.package_identification:_identify(src) by extensions ['ignore', 'ignore_ament_install']
[0.137s] Level 1:colcon.colcon_core.package_identification:_identify(src) by extension 'ignore'
[0.137s] Level 1:colcon.colcon_core.package_identification:_identify(src) by extension 'ignore_ament_install'
[0.137s] Level 1:colcon.colcon_core.package_identification:_identify(src) by extensions ['colcon_pkg']
[0.137s] Level 1:colcon.colcon_core.package_identification:_identify(src) by extension 'colcon_pkg'
[0.137s] Level 1:colcon.colcon_core.package_identification:_identify(src) by extensions ['colcon_meta']
[0.137s] Level 1:colcon.colcon_core.package_identification:_identify(src) by extension 'colcon_meta'
[0.137s] Level 1:colcon.colcon_core.package_identification:_identify(src) by extensions ['ros']
[0.137s] Level 1:colcon.colcon_core.package_identification:_identify(src) by extension 'ros'
[0.138s] Level 1:colcon.colcon_core.package_identification:_identify(src) by extensions ['cmake', 'python']
[0.138s] Level 1:colcon.colcon_core.package_identification:_identify(src) by extension 'cmake'
[0.138s] Level 1:colcon.colcon_core.package_identification:_identify(src) by extension 'python'
[0.138s] Level 1:colcon.colcon_core.package_identification:_identify(src) by extensions ['python_setup_py']
[0.138s] Level 1:colcon.colcon_core.package_identification:_identify(src) by extension 'python_setup_py'
[0.138s] Level 1:colcon.colcon_core.package_identification:_identify(src/listening_control) by extensions ['ignore', 'ignore_ament_install']
[0.138s] Level 1:colcon.colcon_core.package_identification:_identify(src/listening_control) by extension 'ignore'
[0.138s] Level 1:colcon.colcon_core.package_identification:_identify(src/listening_control) by extension 'ignore_ament_install'
[0.138s] Level 1:colcon.colcon_core.package_identification:_identify(src/listening_control) by extensions ['colcon_pkg']
[0.138s] Level 1:colcon.colcon_core.package_identification:_identify(src/listening_control) by extension 'colcon_pkg'
[0.138s] Level 1:colcon.colcon_core.package_identification:_identify(src/listening_control) by extensions ['colcon_meta']
[0.138s] Level 1:colcon.colcon_core.package_identification:_identify(src/listening_control) by extension 'colcon_meta'
[0.138s] Level 1:colcon.colcon_core.package_identification:_identify(src/listening_control) by extensions ['ros']
[0.138s] Level 1:colcon.colcon_core.package_identification:_identify(src/listening_control) by extension 'ros'
[0.140s] DEBUG:colcon.colcon_core.package_identification:Package 'src/listening_control' with type 'ros.ament_cmake' and name 'listening_control'
[0.140s] Level 1:colcon.colcon_core.package_discovery:discover_packages(recursive) using defaults
[0.140s] Level 1:colcon.colcon_core.package_discovery:discover_packages(ignore) discover
[0.140s] Level 1:colcon.colcon_core.package_discovery:discover_packages(ignore) using defaults
[0.140s] Level 1:colcon.colcon_core.package_discovery:discover_packages(path) discover
[0.140s] Level 1:colcon.colcon_core.package_discovery:discover_packages(path) using defaults
[0.152s] Level 1:colcon.colcon_core.package_discovery:discover_packages(prefix_path) check parameters
[0.152s] Level 1:colcon.colcon_core.package_discovery:discover_packages(prefix_path) discover
[0.153s] DEBUG:colcon.colcon_installed_package_information.package_discovery:Found 1 installed packages in /home/natan/Documents/NGHVK/ros2_ws/install
[0.154s] DEBUG:colcon.colcon_installed_package_information.package_discovery:Found 285 installed packages in /opt/ros/jazzy
[0.155s] Level 1:colcon.colcon_core.package_discovery:discover_packages(prefix_path) using defaults
[0.178s] Level 5:colcon.colcon_core.verb:set package 'listening_control' build argument 'cmake_args' from command line to 'None'
[0.178s] Level 5:colcon.colcon_core.verb:set package 'listening_control' build argument 'cmake_target' from command line to 'None'
[0.178s] Level 5:colcon.colcon_core.verb:set package 'listening_control' build argument 'cmake_target_skip_unavailable' from command line to 'False'
[0.179s] Level 5:colcon.colcon_core.verb:set package 'listening_control' build argument 'cmake_clean_cache' from command line to 'False'
[0.179s] Level 5:colcon.colcon_core.verb:set package 'listening_control' build argument 'cmake_clean_first' from command line to 'False'
[0.179s] Level 5:colcon.colcon_core.verb:set package 'listening_control' build argument 'cmake_force_configure' from command line to 'False'
[0.179s] Level 5:colcon.colcon_core.verb:set package 'listening_control' build argument 'ament_cmake_args' from command line to 'None'
[0.179s] Level 5:colcon.colcon_core.verb:set package 'listening_control' build argument 'catkin_cmake_args' from command line to 'None'
[0.179s] Level 5:colcon.colcon_core.verb:set package 'listening_control' build argument 'catkin_skip_building_tests' from command line to 'False'
[0.179s] DEBUG:colcon.colcon_core.verb:Building package 'listening_control' with the following arguments: {'ament_cmake_args': None, 'build_base': '/home/natan/Documents/NGHVK/ros2_ws/build/listening_control', 'catkin_cmake_args': None, 'catkin_skip_building_tests': False, 'cmake_args': None, 'cmake_clean_cache': False, 'cmake_clean_first': False, 'cmake_force_configure': False, 'cmake_target': None, 'cmake_target_skip_unavailable': False, 'install_base': '/home/natan/Documents/NGHVK/ros2_ws/install/listening_control', 'merge_install': False, 'path': '/home/natan/Documents/NGHVK/ros2_ws/src/listening_control', 'symlink_install': False, 'test_result_base': None}
[0.179s] INFO:colcon.colcon_core.executor:Executing jobs using 'parallel' executor
[0.179s] DEBUG:colcon.colcon_parallel_executor.executor.parallel:run_until_complete
[0.180s] INFO:colcon.colcon_ros.task.ament_cmake.build:Building ROS package in '/home/natan/Documents/NGHVK/ros2_ws/src/listening_control' with build type 'ament_cmake'
[0.180s] INFO:colcon.colcon_cmake.task.cmake.build:Building CMake package in '/home/natan/Documents/NGHVK/ros2_ws/src/listening_control'
[0.182s] INFO:colcon.colcon_core.plugin_system:Skipping extension 'colcon_core.shell.bat': Not used on non-Windows systems
[0.183s] INFO:colcon.colcon_core.shell:Skip shell extension 'powershell' for command environment: Not usable outside of PowerShell
[0.183s] DEBUG:colcon.colcon_core.shell:Skip shell extension 'dsv' for command environment
[0.193s] DEBUG:colcon.colcon_core.event_handler.log_command:Invoking command in '/home/natan/Documents/NGHVK/ros2_ws/build/listening_control': CMAKE_PREFIX_PATH=${CMAKE_PREFIX_PATH}:/opt/ros/jazzy DEBUGINFOD_URLS=https://debuginfod.ubuntu.com /usr/bin/cmake --build /home/natan/Documents/NGHVK/ros2_ws/build/listening_control -- -j12 -l12
[5.513s] DEBUG:colcon.colcon_core.event_handler.log_command:Invoked command in '/home/natan/Documents/NGHVK/ros2_ws/build/listening_control' returned '0': CMAKE_PREFIX_PATH=${CMAKE_PREFIX_PATH}:/opt/ros/jazzy DEBUGINFOD_URLS=https://debuginfod.ubuntu.com /usr/bin/cmake --build /home/natan/Documents/NGHVK/ros2_ws/build/listening_control -- -j12 -l12
[5.522s] DEBUG:colcon.colcon_core.event_handler.log_command:Invoking command in '/home/natan/Documents/NGHVK/ros2_ws/build/listening_control': CMAKE_PREFIX_PATH=${CMAKE_PREFIX_PATH}:/opt/ros/jazzy DEBUGINFOD_URLS=https://debuginfod.ubuntu.com /usr/bin/cmake --install /home/natan/Documents/NGHVK/ros2_ws/build/listening_control
[5.532s] Level 1:colcon.colcon_core.environment:create_environment_scripts_only(listening_control)
[5.532s] DEBUG:colcon.colcon_core.event_handler.log_command:Invoked command in '/home/natan/Documents/NGHVK/ros2_ws/build/listening_control' returned '0': CMAKE_PREFIX_PATH=${CMAKE_PREFIX_PATH}:/opt/ros/jazzy DEBUGINFOD_URLS=https://debuginfod.ubuntu.com /usr/bin/cmake --install /home/natan/Documents/NGHVK/ros2_ws/build/listening_control
[5.533s] Level 1:colcon.colcon_core.environment:checking '/home/natan/Documents/NGHVK/ros2_ws/install/listening_control' for CMake module files
[5.534s] Level 1:colcon.colcon_core.environment:checking '/home/natan/Documents/NGHVK/ros2_ws/install/listening_control' for CMake config files
[5.534s] Level 1:colcon.colcon_core.shell:create_environment_hook('listening_control', 'cmake_prefix_path')
[5.534s] INFO:colcon.colcon_core.shell:Creating environment hook '/home/natan/Documents/NGHVK/ros2_ws/install/listening_control/share/listening_control/hook/cmake_prefix_path.ps1'
[5.534s] INFO:colcon.colcon_core.shell:Creating environment descriptor '/home/natan/Documents/NGHVK/ros2_ws/install/listening_control/share/listening_control/hook/cmake_prefix_path.dsv'
[5.535s] INFO:colcon.colcon_core.shell:Creating environment hook '/home/natan/Documents/NGHVK/ros2_ws/install/listening_control/share/listening_control/hook/cmake_prefix_path.sh'
[5.535s] Level 1:colcon.colcon_core.environment:checking '/home/natan/Documents/NGHVK/ros2_ws/install/listening_control/lib'
[5.535s] Level 1:colcon.colcon_core.environment:checking '/home/natan/Documents/NGHVK/ros2_ws/install/listening_control/bin'
[5.535s] Level 1:colcon.colcon_core.environment:checking '/home/natan/Documents/NGHVK/ros2_ws/install/listening_control/lib/pkgconfig/listening_control.pc'
[5.535s] Level 1:colcon.colcon_core.environment:checking '/home/natan/Documents/NGHVK/ros2_ws/install/listening_control/lib/python3.12/site-packages'
[5.536s] Level 1:colcon.colcon_core.environment:checking '/home/natan/Documents/NGHVK/ros2_ws/install/listening_control/bin'
[5.536s] INFO:colcon.colcon_core.shell:Creating package script '/home/natan/Documents/NGHVK/ros2_ws/install/listening_control/share/listening_control/package.ps1'
[5.536s] INFO:colcon.colcon_core.shell:Creating package descriptor '/home/natan/Documents/NGHVK/ros2_ws/install/listening_control/share/listening_control/package.dsv'
[5.536s] INFO:colcon.colcon_core.shell:Creating package script '/home/natan/Documents/NGHVK/ros2_ws/install/listening_control/share/listening_control/package.sh'
[5.537s] INFO:colcon.colcon_core.shell:Creating package script '/home/natan/Documents/NGHVK/ros2_ws/install/listening_control/share/listening_control/package.bash'
[5.537s] INFO:colcon.colcon_core.shell:Creating package script '/home/natan/Documents/NGHVK/ros2_ws/install/listening_control/share/listening_control/package.zsh'
[5.537s] Level 1:colcon.colcon_core.environment:create_file_with_runtime_dependencies(/home/natan/Documents/NGHVK/ros2_ws/install/listening_control/share/colcon-core/packages/listening_control)
[5.538s] Level 1:colcon.colcon_core.environment:create_environment_scripts_only(listening_control)
[5.538s] Level 1:colcon.colcon_core.environment:checking '/home/natan/Documents/NGHVK/ros2_ws/install/listening_control' for CMake module files
[5.538s] Level 1:colcon.colcon_core.environment:checking '/home/natan/Documents/NGHVK/ros2_ws/install/listening_control' for CMake config files
[5.538s] Level 1:colcon.colcon_core.shell:create_environment_hook('listening_control', 'cmake_prefix_path')
[5.538s] INFO:colcon.colcon_core.shell:Creating environment hook '/home/natan/Documents/NGHVK/ros2_ws/install/listening_control/share/listening_control/hook/cmake_prefix_path.ps1'
[5.538s] INFO:colcon.colcon_core.shell:Creating environment descriptor '/home/natan/Documents/NGHVK/ros2_ws/install/listening_control/share/listening_control/hook/cmake_prefix_path.dsv'
[5.539s] INFO:colcon.colcon_core.shell:Creating environment hook '/home/natan/Documents/NGHVK/ros2_ws/install/listening_control/share/listening_control/hook/cmake_prefix_path.sh'
[5.539s] Level 1:colcon.colcon_core.environment:checking '/home/natan/Documents/NGHVK/ros2_ws/install/listening_control/lib'
[5.539s] Level 1:colcon.colcon_core.environment:checking '/home/natan/Documents/NGHVK/ros2_ws/install/listening_control/bin'
[5.539s] Level 1:colcon.colcon_core.environment:checking '/home/natan/Documents/NGHVK/ros2_ws/install/listening_control/lib/pkgconfig/listening_control.pc'
[5.539s] Level 1:colcon.colcon_core.environment:checking '/home/natan/Documents/NGHVK/ros2_ws/install/listening_control/lib/python3.12/site-packages'
[5.539s] Level 1:colcon.colcon_core.environment:checking '/home/natan/Documents/NGHVK/ros2_ws/install/listening_control/bin'
[5.539s] INFO:colcon.colcon_core.shell:Creating package script '/home/natan/Documents/NGHVK/ros2_ws/install/listening_control/share/listening_control/package.ps1'
[5.540s] INFO:colcon.colcon_core.shell:Creating package descriptor '/home/natan/Documents/NGHVK/ros2_ws/install/listening_control/share/listening_control/package.dsv'
[5.540s] INFO:colcon.colcon_core.shell:Creating package script '/home/natan/Documents/NGHVK/ros2_ws/install/listening_control/share/listening_control/package.sh'
[5.540s] INFO:colcon.colcon_core.shell:Creating package script '/home/natan/Documents/NGHVK/ros2_ws/install/listening_control/share/listening_control/package.bash'
[5.540s] INFO:colcon.colcon_core.shell:Creating package script '/home/natan/Documents/NGHVK/ros2_ws/install/listening_control/share/listening_control/package.zsh'
[5.541s] Level 1:colcon.colcon_core.environment:create_file_with_runtime_dependencies(/home/natan/Documents/NGHVK/ros2_ws/install/listening_control/share/colcon-core/packages/listening_control)
[5.541s] DEBUG:colcon.colcon_parallel_executor.executor.parallel:closing loop
[5.541s] DEBUG:colcon.colcon_parallel_executor.executor.parallel:loop closed
[5.541s] DEBUG:colcon.colcon_parallel_executor.executor.parallel:run_until_complete finished with '0'
[5.542s] DEBUG:colcon.colcon_core.event_reactor:joining thread
[5.545s] INFO:colcon.colcon_core.plugin_system:Skipping extension 'colcon_notification.desktop_notification.terminal_notifier': Not used on non-Darwin systems
[5.546s] INFO:colcon.colcon_core.plugin_system:Skipping extension 'colcon_notification.desktop_notification.win32': Not used on non-Windows systems
[5.546s] INFO:colcon.colcon_notification.desktop_notification:Sending desktop notification using 'notify2'
[5.558s] DEBUG:colcon.colcon_core.event_reactor:joined thread
[5.559s] INFO:colcon.colcon_core.shell:Creating prefix script '/home/natan/Documents/NGHVK/ros2_ws/install/local_setup.ps1'
[5.560s] INFO:colcon.colcon_core.shell:Creating prefix util module '/home/natan/Documents/NGHVK/ros2_ws/install/_local_setup_util_ps1.py'
[5.561s] INFO:colcon.colcon_core.shell:Creating prefix chain script '/home/natan/Documents/NGHVK/ros2_ws/install/setup.ps1'
[5.562s] INFO:colcon.colcon_core.shell:Creating prefix script '/home/natan/Documents/NGHVK/ros2_ws/install/local_setup.sh'
[5.563s] INFO:colcon.colcon_core.shell:Creating prefix util module '/home/natan/Documents/NGHVK/ros2_ws/install/_local_setup_util_sh.py'
[5.564s] INFO:colcon.colcon_core.shell:Creating prefix chain script '/home/natan/Documents/NGHVK/ros2_ws/install/setup.sh'
[5.565s] INFO:colcon.colcon_core.shell:Creating prefix script '/home/natan/Documents/NGHVK/ros2_ws/install/local_setup.bash'
[5.565s] INFO:colcon.colcon_core.shell:Creating prefix chain script '/home/natan/Documents/NGHVK/ros2_ws/install/setup.bash'
[5.566s] INFO:colcon.colcon_core.shell:Creating prefix script '/home/natan/Documents/NGHVK/ros2_ws/install/local_setup.zsh'
[5.567s] INFO:colcon.colcon_core.shell:Creating prefix chain script '/home/natan/Documents/NGHVK/ros2_ws/install/setup.zsh'
