[0.009s] Invoking command in '/home/natan/Documents/NGHVK/ros2_ws/build/listening_control': DEBUGINFOD_URLS=https://debuginfod.ubuntu.com /usr/bin/cmake --build /home/natan/Documents/NGHVK/ros2_ws/build/listening_control -- -j12 -l12
[0.105s] -- Found ament_cmake: 2.5.4 (/opt/ros/jazzy/share/ament_cmake/cmake)
[1.617s] Traceback (most recent call last):
[1.617s]   File "/opt/ros/jazzy/share/ament_cmake_core/cmake/package_templates/templates_2_cmake.py", line 21, in <module>
[1.617s]     from ament_package.templates import get_environment_hook_template_path
[1.617s] ModuleNotFoundError: No module named 'ament_package'
[1.652s] [31mCMake Error at /opt/ros/jazzy/share/ament_cmake_core/cmake/ament_cmake_package_templates-extras.cmake:41 (message):
[1.652s]   execute_process(/usr/bin/python3
[1.652s]   /opt/ros/jazzy/share/ament_cmake_core/cmake/package_templates/templates_2_cmake.py
[1.652s]   /home/natan/Documents/NGHVK/ros2_ws/build/listening_control/ament_cmake_package_templates/templates.cmake)
[1.653s]   returned error code 1
[1.653s] Call Stack (most recent call first):
[1.653s]   /opt/ros/jazzy/share/ament_cmake_core/cmake/ament_cmake_coreConfig.cmake:41 (include)
[1.653s]   /opt/ros/jazzy/share/ament_cmake/cmake/ament_cmake_export_dependencies-extras.cmake:15 (find_package)
[1.653s]   /opt/ros/jazzy/share/ament_cmake/cmake/ament_cmakeConfig.cmake:41 (include)
[1.653s]   CMakeLists.txt:13 (find_package)
[1.653s] 
[1.653s] [0m
[1.653s] -- Configuring incomplete, errors occurred!
[1.655s] gmake: *** [Makefile:267: cmake_check_build_system] Error 1
[1.657s] Invoked command in '/home/natan/Documents/NGHVK/ros2_ws/build/listening_control' returned '2': DEBUGINFOD_URLS=https://debuginfod.ubuntu.com /usr/bin/cmake --build /home/natan/Documents/NGHVK/ros2_ws/build/listening_control -- -j12 -l12
